1537417747802	geckodriver	INFO	geckodriver 0.21.0
1537417747820	geckodriver	INFO	Listening on 127.0.0.1:60132
1537417902592	geckodriver	INFO	geckodriver 0.21.0
1537417902611	geckodriver	INFO	Listening on 127.0.0.1:60177
1537418197923	geckodriver	INFO	geckodriver 0.21.0
1537418197941	geckodriver	INFO	Listening on 127.0.0.1:60370
1537418312646	geckodriver	INFO	geckodriver 0.21.0
1537418312664	geckodriver	INFO	Listening on 127.0.0.1:60413
1537420151286	geckodriver	INFO	geckodriver 0.21.0
1537420151312	geckodriver	INFO	Listening on 127.0.0.1:60789
1537420360933	geckodriver	INFO	geckodriver 0.21.0
1537420360941	geckodriver	INFO	Listening on 127.0.0.1:60867
1537420371150	mozrunner::runner	INFO	Running command: "/Applications/Firefox.app/Contents/MacOS/firefox-bin" "-marionette" "-foreground" "-no-remote" "-profile" "/var/folders/2j/prvnrjsd2nq2lx2wrdz21574_6v3fq/T/rust_mozprofile.1wSwLo8B0YWf"
2018-09-20 12:12:56.317 plugin-container[48411:469307] *** CFMessagePort: bootstrap_register(): failed 1100 (0x44c) 'Permission denied', port = 0x8a37, name = 'com.apple.tsm.portname'
See /usr/include/servers/bootstrap_defs.h for the error codes.
2018-09-20 12:12:56.858 plugin-container[48412:469344] *** CFMessagePort: bootstrap_register(): failed 1100 (0x44c) 'Permission denied', port = 0x7207, name = 'com.apple.tsm.portname'
See /usr/include/servers/bootstrap_defs.h for the error codes.
1537420378449	Marionette	INFO	Listening on port 60878
1537420378505	Marionette	WARN	TLS certificate errors will be ignored for this session
1537420378584	Marionette	DEBUG	[4294967297] Frame script loaded
1537420378621	Marionette	DEBUG	[4294967297] Frame script registered
2018-09-20 12:12:58.770 plugin-container[48418:469474] *** CFMessagePort: bootstrap_register(): failed 1100 (0x44c) 'Permission denied', port = 0x8b3f, name = 'com.apple.tsm.portname'
See /usr/include/servers/bootstrap_defs.h for the error codes.
1537420378772	Marionette	INFO	Stopped listening on port 60878
1537420378892	addons.xpi	WARN	Exception running bootstrap method shutdown on activity-stream@mozilla.org: TypeError: setting getter-only property "_currentSearchHostname" (resource://activity-stream/lib/TopSitesFeed.jsm:86:5) JS Stack trace: uninit@TopSitesFeed.jsm:86:5
onAction@TopSitesFeed.jsm:707:9
_middleware/</<@Store.jsm:51:11
Store/this[method]@Store.jsm:29:55
uninit@Store.jsm:170:7
uninit@ActivityStream.jsm:363:5
uninit@resource://gre/modules/addons/XPIProvider.jsm -> jar:file:///Applications/Firefox.app/Contents/Resources/browser/features/activity-stream@bootstrap.js:86:5
shutdown@resource://gre/modules/addons/XPIProvider.jsm -> jar:file:///Applications/Firefox.app/Contents/Resources/browser/features/activity-stream@bootstrap.js:194:3
callBootstrapMethod@XPIProvider.jsm:1588:20
_shutdown@XPIProvider.jsm:1724:12
flushAllWindowsAsync@SessionStore.jsm:1697:7
ssi_onQuitApplicationGranted/<@SessionStore.jsm:1624:27
trigger@AsyncShutdown.jsm:710:23
_wait@AsyncShutdown.jsm:857:7
wait@AsyncShutdown.jsm:841:28
observe@AsyncShutdown.jsm:524:17
GeckoDriver.prototype.quit@driver.js:3319:3
despatch@server.js:297:20
execute@server.js:271:11
onPacket/<@server.js:246:15
onPacket@server.js:245:8
_onJSONObjectReady/<@transport.js:500:9
JavaScript error: resource:///modules/SavantShieldStudy.jsm, line 171: TypeError: this.addonListener is undefined
JavaScript error: resource://gre/modules/osfile/osfile_async_front.jsm, line 408: Error: OS.File has been shut down. Rejecting post to DirectoryIterator_prototype_close
JavaScript error: resource://gre/modules/ProfileAge.jsm, line 197: Error: Unable to fetch oldest profile entry: Error: OS.File has been shut down. Rejecting request to DirectoryIterator_prototype_next
JavaScript error: resource://gre/modules/osfile/osfile_async_front.jsm, line 408: Error: OS.File has been shut down. Rejecting post to DirectoryIterator_prototype_close
JavaScript error: resource://gre/modules/ProfileAge.jsm, line 197: Error: Unable to fetch oldest profile entry: Error: OS.File has been shut down. Rejecting post to DirectoryIterator_prototype_next
1537420796927	geckodriver	INFO	geckodriver 0.21.0
1537420796935	geckodriver	INFO	Listening on 127.0.0.1:61208
1537420797955	mozrunner::runner	INFO	Running command: "/Applications/Firefox.app/Contents/MacOS/firefox-bin" "-marionette" "-foreground" "-no-remote" "-profile" "/var/folders/2j/prvnrjsd2nq2lx2wrdz21574_6v3fq/T/rust_mozprofile.tt5dAtJGBV6u"
2018-09-20 12:20:00.437 plugin-container[49106:476580] *** CFMessagePort: bootstrap_register(): failed 1100 (0x44c) 'Permission denied', port = 0x6f47, name = 'com.apple.tsm.portname'
See /usr/include/servers/bootstrap_defs.h for the error codes.
2018-09-20 12:20:00.647 plugin-container[49107:476602] *** CFMessagePort: bootstrap_register(): failed 1100 (0x44c) 'Permission denied', port = 0x863f, name = 'com.apple.tsm.portname'
See /usr/include/servers/bootstrap_defs.h for the error codes.
1537420801231	Marionette	INFO	Listening on port 61214
2018-09-20 12:20:01.279 plugin-container[49113:476698] *** CFMessagePort: bootstrap_register(): failed 1100 (0x44c) 'Permission denied', port = 0x7937, name = 'com.apple.tsm.portname'
See /usr/include/servers/bootstrap_defs.h for the error codes.
1537420801346	Marionette	WARN	TLS certificate errors will be ignored for this session
1537420801418	Marionette	DEBUG	[2147483649] Frame script loaded
1537420801452	Marionette	DEBUG	[2147483649] Frame script registered
1537420801485	Marionette	INFO	Stopped listening on port 61214
1537420801533	addons.xpi	WARN	Exception running bootstrap method shutdown on activity-stream@mozilla.org: TypeError: setting getter-only property "_currentSearchHostname" (resource://activity-stream/lib/TopSitesFeed.jsm:86:5) JS Stack trace: uninit@TopSitesFeed.jsm:86:5
onAction@TopSitesFeed.jsm:707:9
_middleware/</<@Store.jsm:51:11
Store/this[method]@Store.jsm:29:55
uninit@Store.jsm:170:7
uninit@ActivityStream.jsm:363:5
uninit@resource://gre/modules/addons/XPIProvider.jsm -> jar:file:///Applications/Firefox.app/Contents/Resources/browser/features/activity-stream@bootstrap.js:86:5
shutdown@resource://gre/modules/addons/XPIProvider.jsm -> jar:file:///Applications/Firefox.app/Contents/Resources/browser/features/activity-stream@bootstrap.js:194:3
callBootstrapMethod@XPIProvider.jsm:1588:20
_shutdown@XPIProvider.jsm:1724:12
flushAllWindowsAsync@SessionStore.jsm:1697:7
ssi_onQuitApplicationGranted/<@SessionStore.jsm:1624:27
trigger@AsyncShutdown.jsm:710:23
_wait@AsyncShutdown.jsm:857:7
wait@AsyncShutdown.jsm:841:28
observe@AsyncShutdown.jsm:524:17
GeckoDriver.prototype.quit@driver.js:3319:3
despatch@server.js:297:20
execute@server.js:271:11
onPacket/<@server.js:246:15
onPacket@server.js:245:8
_onJSONObjectReady/<@transport.js:500:9
1537420863662	geckodriver	INFO	geckodriver 0.21.0
1537420863673	geckodriver	INFO	Listening on 127.0.0.1:61263
1537420864689	mozrunner::runner	INFO	Running command: "/Applications/Firefox.app/Contents/MacOS/firefox-bin" "-marionette" "-foreground" "-no-remote" "-profile" "/var/folders/2j/prvnrjsd2nq2lx2wrdz21574_6v3fq/T/rust_mozprofile.PvQJVCmxNTlW"
2018-09-20 12:21:06.444 plugin-container[49220:477741] *** CFMessagePort: bootstrap_register(): failed 1100 (0x44c) 'Permission denied', port = 0x8c3f, name = 'com.apple.tsm.portname'
See /usr/include/servers/bootstrap_defs.h for the error codes.
2018-09-20 12:21:07.012 plugin-container[49221:477764] *** CFMessagePort: bootstrap_register(): failed 1100 (0x44c) 'Permission denied', port = 0x783f, name = 'com.apple.tsm.portname'
See /usr/include/servers/bootstrap_defs.h for the error codes.
1537420867481	Marionette	INFO	Listening on port 61269
1537420867589	Marionette	WARN	TLS certificate errors will be ignored for this session
1537420867656	Marionette	DEBUG	[4294967297] Frame script loaded
1537420867659	Marionette	DEBUG	[4294967297] Frame script registered
1537420867780	Marionette	INFO	Stopped listening on port 61269
1537420867858	addons.xpi	WARN	Exception running bootstrap method shutdown on activity-stream@mozilla.org: TypeError: setting getter-only property "_currentSearchHostname" (resource://activity-stream/lib/TopSitesFeed.jsm:86:5) JS Stack trace: uninit@TopSitesFeed.jsm:86:5
onAction@TopSitesFeed.jsm:707:9
_middleware/</<@Store.jsm:51:11
Store/this[method]@Store.jsm:29:55
uninit@Store.jsm:170:7
uninit@ActivityStream.jsm:363:5
uninit@resource://gre/modules/addons/XPIProvider.jsm -> jar:file:///Applications/Firefox.app/Contents/Resources/browser/features/activity-stream@bootstrap.js:86:5
shutdown@resource://gre/modules/addons/XPIProvider.jsm -> jar:file:///Applications/Firefox.app/Contents/Resources/browser/features/activity-stream@bootstrap.js:194:3
callBootstrapMethod@XPIProvider.jsm:1588:20
_shutdown@XPIProvider.jsm:1724:12
flushAllWindowsAsync@SessionStore.jsm:1697:7
ssi_onQuitApplicationGranted/<@SessionStore.jsm:1624:27
trigger@AsyncShutdown.jsm:710:23
_wait@AsyncShutdown.jsm:857:7
wait@AsyncShutdown.jsm:841:28
observe@AsyncShutdown.jsm:524:17
GeckoDriver.prototype.quit@driver.js:3319:3
despatch@server.js:297:20
execute@server.js:271:11
onPacket/<@server.js:246:15
onPacket@server.js:245:8
_onJSONObjectReady/<@transport.js:500:9
2018-09-20 12:21:07.891 plugin-container[49222:477864] *** CFMessagePort: bootstrap_register(): failed 1100 (0x44c) 'Permission denied', port = 0x723f, name = 'com.apple.tsm.portname'
See /usr/include/servers/bootstrap_defs.h for the error codes.
JavaScript error: resource://gre/modules/osfile/osfile_async_front.jsm, line 408: Error: OS.File has been shut down. Rejecting post to DirectoryIterator_prototype_close
JavaScript error: resource://gre/modules/ProfileAge.jsm, line 197: Error: Unable to fetch oldest profile entry: Error: OS.File has been shut down. Rejecting request to DirectoryIterator_prototype_next
JavaScript error: resource://gre/modules/osfile/osfile_async_front.jsm, line 408: Error: OS.File has been shut down. Rejecting post to DirectoryIterator_prototype_close
JavaScript error: resource://gre/modules/ProfileAge.jsm, line 197: Error: Unable to fetch oldest profile entry: Error: OS.File has been shut down. Rejecting post to DirectoryIterator_prototype_next
1537421117238	geckodriver	INFO	geckodriver 0.21.0
1537421117253	geckodriver	INFO	Listening on 127.0.0.1:61389
1537421118258	mozrunner::runner	INFO	Running command: "/Applications/Firefox.app/Contents/MacOS/firefox-bin" "-marionette" "-foreground" "-no-remote" "-profile" "/var/folders/2j/prvnrjsd2nq2lx2wrdz21574_6v3fq/T/rust_mozprofile.R8jy5aQIBoJ6"
2018-09-20 12:25:20.837 plugin-container[49634:481399] *** CFMessagePort: bootstrap_register(): failed 1100 (0x44c) 'Permission denied', port = 0x8c3f, name = 'com.apple.tsm.portname'
See /usr/include/servers/bootstrap_defs.h for the error codes.
2018-09-20 12:25:21.370 plugin-container[49635:481427] *** CFMessagePort: bootstrap_register(): failed 1100 (0x44c) 'Permission denied', port = 0x8c3f, name = 'com.apple.tsm.portname'
See /usr/include/servers/bootstrap_defs.h for the error codes.
1537421121689	Marionette	INFO	Listening on port 61395
1537421121709	Marionette	WARN	TLS certificate errors will be ignored for this session
1537421121776	Marionette	DEBUG	[4294967297] Frame script loaded
1537421121777	Marionette	DEBUG	[4294967297] Frame script registered
1537421121807	Marionette	INFO	Stopped listening on port 61395
1537421121843	addons.xpi	WARN	Exception running bootstrap method shutdown on activity-stream@mozilla.org: TypeError: setting getter-only property "_currentSearchHostname" (resource://activity-stream/lib/TopSitesFeed.jsm:86:5) JS Stack trace: uninit@TopSitesFeed.jsm:86:5
onAction@TopSitesFeed.jsm:707:9
_middleware/</<@Store.jsm:51:11
Store/this[method]@Store.jsm:29:55
uninit@Store.jsm:170:7
uninit@ActivityStream.jsm:363:5
uninit@resource://gre/modules/addons/XPIProvider.jsm -> jar:file:///Applications/Firefox.app/Contents/Resources/browser/features/activity-stream@bootstrap.js:86:5
shutdown@resource://gre/modules/addons/XPIProvider.jsm -> jar:file:///Applications/Firefox.app/Contents/Resources/browser/features/activity-stream@bootstrap.js:194:3
callBootstrapMethod@XPIProvider.jsm:1588:20
_shutdown@XPIProvider.jsm:1724:12
flushAllWindowsAsync@SessionStore.jsm:1697:7
ssi_onQuitApplicationGranted/<@SessionStore.jsm:1624:27
trigger@AsyncShutdown.jsm:710:23
_wait@AsyncShutdown.jsm:857:7
wait@AsyncShutdown.jsm:841:28
observe@AsyncShutdown.jsm:524:17
GeckoDriver.prototype.quit@driver.js:3319:3
despatch@server.js:297:20
execute@server.js:271:11
onPacket/<@server.js:246:15
onPacket@server.js:245:8
_onJSONObjectReady/<@transport.js:500:9
JavaScript error: resource:///modules/SavantShieldStudy.jsm, line 171: TypeError: this.addonListener is undefined
console.error: (new Error("Connection closed before committing the transaction.", "resource://gre/modules/Sqlite.jsm", 632))
JavaScript error: resource://gre/modules/Sqlite.jsm, line 841: Error: Connection is not open.
JavaScript error: jar:file:///Applications/Firefox.app/Contents/Resources/omni.ja!/components/nsUrlClassifierListManager.js, line 321: NS_ERROR_NOT_INITIALIZED: Component returned failure code: 0xc1f30001 (NS_ERROR_NOT_INITIALIZED) [nsIUrlClassifierDBService.getTables]
JavaScript error: jar:file:///Applications/Firefox.app/Contents/Resources/omni.ja!/components/nsUrlClassifierListManager.js, line 321: NS_ERROR_NOT_INITIALIZED: Component returned failure code: 0xc1f30001 (NS_ERROR_NOT_INITIALIZED) [nsIUrlClassifierDBService.getTables]
JavaScript error: resource://gre/modules/JSONFile.jsm, line 159: Error: Data is not ready.
JavaScript error: resource://gre/modules/JSONFile.jsm, line 159: Error: Data is not ready.
JavaScript error: resource://gre/modules/JSONFile.jsm, line 159: Error: Data is not ready.
JavaScript error: resource://gre/modules/osfile/osfile_async_front.jsm, line 408: Error: OS.File has been shut down. Rejecting post to DirectoryIterator_prototype_close
JavaScript error: resource://gre/modules/osfile/osfile_async_front.jsm, line 408: Error: OS.File has been shut down. Rejecting post to DirectoryIterator_prototype_close
JavaScript error: resource://gre/modules/ProfileAge.jsm, line 197: Error: Unable to fetch oldest profile entry: Error: OS.File has been shut down. Rejecting request to DirectoryIterator_prototype_next
JavaScript error: resource://gre/modules/ProfileAge.jsm, line 197: Error: Unable to fetch oldest profile entry: Error: OS.File has been shut down. Rejecting request to DirectoryIterator_prototype_next
1537421316846	geckodriver	INFO	geckodriver 0.21.0
1537421316860	geckodriver	INFO	Listening on 127.0.0.1:61484
1537421317874	mozrunner::runner	INFO	Running command: "/Applications/Firefox.app/Contents/MacOS/firefox-bin" "-marionette" "-foreground" "-no-remote" "-profile" "/var/folders/2j/prvnrjsd2nq2lx2wrdz21574_6v3fq/T/rust_mozprofile.S0aJwNk1Xhr1"
2018-09-20 12:28:40.452 plugin-container[49985:484571] *** CFMessagePort: bootstrap_register(): failed 1100 (0x44c) 'Permission denied', port = 0x7b43, name = 'com.apple.tsm.portname'
See /usr/include/servers/bootstrap_defs.h for the error codes.
2018-09-20 12:28:40.996 plugin-container[49990:484611] *** CFMessagePort: bootstrap_register(): failed 1100 (0x44c) 'Permission denied', port = 0x8b3f, name = 'com.apple.tsm.portname'
See /usr/include/servers/bootstrap_defs.h for the error codes.
1537421321354	Marionette	INFO	Listening on port 61490
1537421321477	Marionette	WARN	TLS certificate errors will be ignored for this session
2018-09-20 12:28:41.532 plugin-container[49992:484691] *** CFMessagePort: bootstrap_register(): failed 1100 (0x44c) 'Permission denied', port = 0x8847, name = 'com.apple.tsm.portname'
See /usr/include/servers/bootstrap_defs.h for the error codes.
1537421321545	Marionette	DEBUG	[4294967297] Frame script loaded
1537421321548	Marionette	DEBUG	[4294967297] Frame script registered
1537421321680	Marionette	INFO	Stopped listening on port 61490
1537421321726	addons.xpi	WARN	Exception running bootstrap method shutdown on activity-stream@mozilla.org: TypeError: setting getter-only property "_currentSearchHostname" (resource://activity-stream/lib/TopSitesFeed.jsm:86:5) JS Stack trace: uninit@TopSitesFeed.jsm:86:5
onAction@TopSitesFeed.jsm:707:9
_middleware/</<@Store.jsm:51:11
Store/this[method]@Store.jsm:29:55
uninit@Store.jsm:170:7
uninit@ActivityStream.jsm:363:5
uninit@resource://gre/modules/addons/XPIProvider.jsm -> jar:file:///Applications/Firefox.app/Contents/Resources/browser/features/activity-stream@bootstrap.js:86:5
shutdown@resource://gre/modules/addons/XPIProvider.jsm -> jar:file:///Applications/Firefox.app/Contents/Resources/browser/features/activity-stream@bootstrap.js:194:3
callBootstrapMethod@XPIProvider.jsm:1588:20
_shutdown@XPIProvider.jsm:1724:12
flushAllWindowsAsync@SessionStore.jsm:1697:7
ssi_onQuitApplicationGranted/<@SessionStore.jsm:1624:27
trigger@AsyncShutdown.jsm:710:23
_wait@AsyncShutdown.jsm:857:7
wait@AsyncShutdown.jsm:841:28
observe@AsyncShutdown.jsm:524:17
GeckoDriver.prototype.quit@driver.js:3319:3
despatch@server.js:297:20
execute@server.js:271:11
onPacket/<@server.js:246:15
onPacket@server.js:245:8
_onJSONObjectReady/<@transport.js:500:9
JavaScript error: resource:///modules/SavantShieldStudy.jsm, line 171: TypeError: this.addonListener is undefined
JavaScript error: resource://gre/modules/Sqlite.jsm, line 841: Error: Connection is not open.
JavaScript error: resource://gre/modules/JSONFile.jsm, line 159: Error: Data is not ready.
JavaScript error: resource://gre/modules/JSONFile.jsm, line 159: Error: Data is not ready.
JavaScript error: resource://gre/modules/JSONFile.jsm, line 159: Error: Data is not ready.
JavaScript error: resource://gre/modules/osfile/osfile_async_front.jsm, line 408: Error: OS.File has been shut down. Rejecting post to DirectoryIterator_prototype_close
JavaScript error: resource://gre/modules/osfile/osfile_async_front.jsm, line 408: Error: OS.File has been shut down. Rejecting post to DirectoryIterator_prototype_close
JavaScript error: resource://gre/modules/ProfileAge.jsm, line 197: Error: Unable to fetch oldest profile entry: Error: OS.File has been shut down. Rejecting request to DirectoryIterator_prototype_next
JavaScript error: resource://gre/modules/ProfileAge.jsm, line 197: Error: Unable to fetch oldest profile entry: Error: OS.File has been shut down. Rejecting request to DirectoryIterator_prototype_next
1537421750128	geckodriver	INFO	geckodriver 0.21.0
1537421750148	geckodriver	INFO	Listening on 127.0.0.1:61628
1537421751154	mozrunner::runner	INFO	Running command: "/Applications/Firefox.app/Contents/MacOS/firefox-bin" "-marionette" "-foreground" "-no-remote" "-profile" "/var/folders/2j/prvnrjsd2nq2lx2wrdz21574_6v3fq/T/rust_mozprofile.wgJrkHKWMO1s"
2018-09-20 12:35:53.729 plugin-container[50741:490942] *** CFMessagePort: bootstrap_register(): failed 1100 (0x44c) 'Permission denied', port = 0x8c3b, name = 'com.apple.tsm.portname'
See /usr/include/servers/bootstrap_defs.h for the error codes.
2018-09-20 12:35:54.246 plugin-container[50742:490969] *** CFMessagePort: bootstrap_register(): failed 1100 (0x44c) 'Permission denied', port = 0x7943, name = 'com.apple.tsm.portname'
See /usr/include/servers/bootstrap_defs.h for the error codes.
1537421754486	Marionette	INFO	Listening on port 61634
1537421754569	Marionette	WARN	TLS certificate errors will be ignored for this session
1537421754632	Marionette	DEBUG	[4294967297] Frame script loaded
1537421754635	Marionette	DEBUG	[4294967297] Frame script registered
1537421754696	Marionette	INFO	Stopped listening on port 61634
1537421754729	addons.xpi	WARN	Exception running bootstrap method shutdown on activity-stream@mozilla.org: TypeError: setting getter-only property "_currentSearchHostname" (resource://activity-stream/lib/TopSitesFeed.jsm:86:5) JS Stack trace: uninit@TopSitesFeed.jsm:86:5
onAction@TopSitesFeed.jsm:707:9
_middleware/</<@Store.jsm:51:11
Store/this[method]@Store.jsm:29:55
uninit@Store.jsm:170:7
uninit@ActivityStream.jsm:363:5
uninit@resource://gre/modules/addons/XPIProvider.jsm -> jar:file:///Applications/Firefox.app/Contents/Resources/browser/features/activity-stream@bootstrap.js:86:5
shutdown@resource://gre/modules/addons/XPIProvider.jsm -> jar:file:///Applications/Firefox.app/Contents/Resources/browser/features/activity-stream@bootstrap.js:194:3
callBootstrapMethod@XPIProvider.jsm:1588:20
_shutdown@XPIProvider.jsm:1724:12
observe@AsyncShutdown.jsm:541:9
GeckoDriver.prototype.quit@driver.js:3319:3
despatch@server.js:297:20
execute@server.js:271:11
onPacket/<@server.js:246:15
onPacket@server.js:245:8
_onJSONObjectReady/<@transport.js:500:9
JavaScript error: resource:///modules/SavantShieldStudy.jsm, line 171: TypeError: this.addonListener is undefined
JavaScript error: resource://gre/modules/Sqlite.jsm, line 841: Error: Connection is not open.
JavaScript error: resource://gre/modules/osfile/osfile_async_front.jsm, line 408: Error: OS.File has been shut down. Rejecting post to DirectoryIterator_prototype_close
JavaScript error: resource://gre/modules/ProfileAge.jsm, line 197: Error: Unable to fetch oldest profile entry: Error: OS.File has been shut down. Rejecting request to DirectoryIterator_prototype_next
JavaScript error: resource://gre/modules/osfile/osfile_async_front.jsm, line 408: Error: OS.File has been shut down. Rejecting post to DirectoryIterator_prototype_close
JavaScript error: resource://gre/modules/ProfileAge.jsm, line 197: Error: Unable to fetch oldest profile entry: Error: OS.File has been shut down. Rejecting post to DirectoryIterator_prototype_next
1537422630381	geckodriver	INFO	geckodriver 0.21.0
1537422630396	geckodriver	INFO	Listening on 127.0.0.1:61921
1537422631412	mozrunner::runner	INFO	Running command: "/Applications/Firefox.app/Contents/MacOS/firefox-bin" "-marionette" "-foreground" "-no-remote" "-profile" "/var/folders/2j/prvnrjsd2nq2lx2wrdz21574_6v3fq/T/rust_mozprofile.gYdJ6XAUflBv"
2018-09-20 12:50:36.251 plugin-container[53029:504989] *** CFMessagePort: bootstrap_register(): failed 1100 (0x44c) 'Permission denied', port = 0x7b3f, name = 'com.apple.tsm.portname'
See /usr/include/servers/bootstrap_defs.h for the error codes.
2018-09-20 12:50:36.825 plugin-container[53030:505015] *** CFMessagePort: bootstrap_register(): failed 1100 (0x44c) 'Permission denied', port = 0x8347, name = 'com.apple.tsm.portname'
See /usr/include/servers/bootstrap_defs.h for the error codes.
1537422637516	Marionette	INFO	Listening on port 61927
1537422637581	Marionette	WARN	TLS certificate errors will be ignored for this session
1537422637667	Marionette	DEBUG	[4294967297] Frame script loaded
1537422637669	Marionette	DEBUG	[4294967297] Frame script registered
1537422638023	Marionette	INFO	Stopped listening on port 61927
1537422638073	addons.xpi	WARN	Exception running bootstrap method shutdown on activity-stream@mozilla.org: TypeError: setting getter-only property "_currentSearchHostname" (resource://activity-stream/lib/TopSitesFeed.jsm:86:5) JS Stack trace: uninit@TopSitesFeed.jsm:86:5
onAction@TopSitesFeed.jsm:707:9
_middleware/</<@Store.jsm:51:11
Store/this[method]@Store.jsm:29:55
uninit@Store.jsm:170:7
uninit@ActivityStream.jsm:363:5
uninit@resource://gre/modules/addons/XPIProvider.jsm -> jar:file:///Applications/Firefox.app/Contents/Resources/browser/features/activity-stream@bootstrap.js:86:5
shutdown@resource://gre/modules/addons/XPIProvider.jsm -> jar:file:///Applications/Firefox.app/Contents/Resources/browser/features/activity-stream@bootstrap.js:194:3
callBootstrapMethod@XPIProvider.jsm:1588:20
_shutdown@XPIProvider.jsm:1724:12
flushAllWindowsAsync@SessionStore.jsm:1697:7
ssi_onQuitApplicationGranted/<@SessionStore.jsm:1624:27
trigger@AsyncShutdown.jsm:710:23
_wait@AsyncShutdown.jsm:857:7
wait@AsyncShutdown.jsm:841:28
observe@AsyncShutdown.jsm:524:17
GeckoDriver.prototype.quit@driver.js:3319:3
despatch@server.js:297:20
execute@server.js:271:11
onPacket/<@server.js:246:15
onPacket@server.js:245:8
_onJSONObjectReady/<@transport.js:500:9
JavaScript error: resource:///modules/SavantShieldStudy.jsm, line 171: TypeError: this.addonListener is undefined
2018-09-20 12:50:38.511 plugin-container[53032:505123] *** CFMessagePort: bootstrap_register(): failed 1100 (0x44c) 'Permission denied', port = 0x8e0b, name = 'com.apple.tsm.portname'
See /usr/include/servers/bootstrap_defs.h for the error codes.
1537423381874	geckodriver	INFO	geckodriver 0.21.0
1537423381894	geckodriver	INFO	Listening on 127.0.0.1:62193
1537423382903	mozrunner::runner	INFO	Running command: "/Applications/Firefox.app/Contents/MacOS/firefox-bin" "-marionette" "-foreground" "-no-remote" "-profile" "/var/folders/2j/prvnrjsd2nq2lx2wrdz21574_6v3fq/T/rust_mozprofile.ltnPJcgMzb9l"
2018-09-20 13:03:05.684 plugin-container[53985:515134] *** CFMessagePort: bootstrap_register(): failed 1100 (0x44c) 'Permission denied', port = 0x783f, name = 'com.apple.tsm.portname'
See /usr/include/servers/bootstrap_defs.h for the error codes.
2018-09-20 13:03:06.414 plugin-container[53986:515168] *** CFMessagePort: bootstrap_register(): failed 1100 (0x44c) 'Permission denied', port = 0x7843, name = 'com.apple.tsm.portname'
See /usr/include/servers/bootstrap_defs.h for the error codes.
1537423387039	Marionette	INFO	Listening on port 62199
1537423387167	Marionette	WARN	TLS certificate errors will be ignored for this session
1537423387395	Marionette	DEBUG	[4294967297] Frame script loaded
1537423387464	Marionette	DEBUG	[4294967297] Frame script registered
1537423387620	Marionette	INFO	Stopped listening on port 62199
1537423387680	addons.xpi	WARN	Exception running bootstrap method shutdown on activity-stream@mozilla.org: TypeError: setting getter-only property "_currentSearchHostname" (resource://activity-stream/lib/TopSitesFeed.jsm:86:5) JS Stack trace: uninit@TopSitesFeed.jsm:86:5
onAction@TopSitesFeed.jsm:707:9
_middleware/</<@Store.jsm:51:11
Store/this[method]@Store.jsm:29:55
uninit@Store.jsm:170:7
uninit@ActivityStream.jsm:363:5
uninit@resource://gre/modules/addons/XPIProvider.jsm -> jar:file:///Applications/Firefox.app/Contents/Resources/browser/features/activity-stream@bootstrap.js:86:5
shutdown@resource://gre/modules/addons/XPIProvider.jsm -> jar:file:///Applications/Firefox.app/Contents/Resources/browser/features/activity-stream@bootstrap.js:194:3
callBootstrapMethod@XPIProvider.jsm:1588:20
_shutdown@XPIProvider.jsm:1724:12
observe@AsyncShutdown.jsm:541:9
GeckoDriver.prototype.quit@driver.js:3319:3
despatch@server.js:297:20
execute@server.js:271:11
onPacket/<@server.js:246:15
onPacket@server.js:245:8
_onJSONObjectReady/<@transport.js:500:9
JavaScript error: resource:///modules/SavantShieldStudy.jsm, line 171: TypeError: this.addonListener is undefined
2018-09-20 13:03:07.797 plugin-container[53987:515268] *** CFMessagePort: bootstrap_register(): failed 1100 (0x44c) 'Permission denied', port = 0x7203, name = 'com.apple.tsm.portname'
See /usr/include/servers/bootstrap_defs.h for the error codes.
JavaScript error: resource://gre/modules/osfile/osfile_async_front.jsm, line 408: Error: OS.File has been shut down. Rejecting post to DirectoryIterator_prototype_close
JavaScript error: resource://gre/modules/ProfileAge.jsm, line 197: Error: Unable to fetch oldest profile entry: Error: OS.File has been shut down. Rejecting request to DirectoryIterator_prototype_next
JavaScript error: resource://gre/modules/osfile/osfile_async_front.jsm, line 408: Error: OS.File has been shut down. Rejecting post to DirectoryIterator_prototype_close
JavaScript error: resource://gre/modules/ProfileAge.jsm, line 197: Error: Unable to fetch oldest profile entry: Error: OS.File has been shut down. Rejecting post to DirectoryIterator_prototype_next
1537427696917	geckodriver	INFO	geckodriver 0.21.0
1537427696932	geckodriver	INFO	Listening on 127.0.0.1:63488
1537427697942	mozrunner::runner	INFO	Running command: "/Applications/Firefox.app/Contents/MacOS/firefox-bin" "-marionette" "-foreground" "-no-remote" "-profile" "/var/folders/2j/prvnrjsd2nq2lx2wrdz21574_6v3fq/T/rust_mozprofile.dqovQQTTLc20"
2018-09-20 14:15:00.652 plugin-container[73798:601212] *** CFMessagePort: bootstrap_register(): failed 1100 (0x44c) 'Permission denied', port = 0x7143, name = 'com.apple.tsm.portname'
See /usr/include/servers/bootstrap_defs.h for the error codes.
2018-09-20 14:15:01.188 plugin-container[73799:601234] *** CFMessagePort: bootstrap_register(): failed 1100 (0x44c) 'Permission denied', port = 0x7b43, name = 'com.apple.tsm.portname'
See /usr/include/servers/bootstrap_defs.h for the error codes.
1537427701559	Marionette	INFO	Listening on port 63497
1537427701602	Marionette	WARN	TLS certificate errors will be ignored for this session
1537427701695	Marionette	DEBUG	[4294967297] Frame script loaded
1537427701700	Marionette	DEBUG	[4294967297] Frame script registered
1537427701777	Marionette	INFO	Stopped listening on port 63497
1537427701818	addons.xpi	WARN	Exception running bootstrap method shutdown on activity-stream@mozilla.org: TypeError: setting getter-only property "_currentSearchHostname" (resource://activity-stream/lib/TopSitesFeed.jsm:86:5) JS Stack trace: uninit@TopSitesFeed.jsm:86:5
onAction@TopSitesFeed.jsm:707:9
_middleware/</<@Store.jsm:51:11
Store/this[method]@Store.jsm:29:55
uninit@Store.jsm:170:7
uninit@ActivityStream.jsm:363:5
uninit@resource://gre/modules/addons/XPIProvider.jsm -> jar:file:///Applications/Firefox.app/Contents/Resources/browser/features/activity-stream@bootstrap.js:86:5
shutdown@resource://gre/modules/addons/XPIProvider.jsm -> jar:file:///Applications/Firefox.app/Contents/Resources/browser/features/activity-stream@bootstrap.js:194:3
callBootstrapMethod@XPIProvider.jsm:1588:20
_shutdown@XPIProvider.jsm:1724:12
flushAllWindowsAsync@SessionStore.jsm:1697:7
ssi_onQuitApplicationGranted/<@SessionStore.jsm:1624:27
trigger@AsyncShutdown.jsm:710:23
_wait@AsyncShutdown.jsm:857:7
wait@AsyncShutdown.jsm:841:28
observe@AsyncShutdown.jsm:524:17
GeckoDriver.prototype.quit@driver.js:3319:3
despatch@server.js:297:20
execute@server.js:271:11
onPacket/<@server.js:246:15
onPacket@server.js:245:8
_onJSONObjectReady/<@transport.js:500:9
2018-09-20 14:15:01.861 plugin-container[73800:601332] *** CFMessagePort: bootstrap_register(): failed 1100 (0x44c) 'Permission denied', port = 0x8e3f, name = 'com.apple.tsm.portname'
See /usr/include/servers/bootstrap_defs.h for the error codes.
1537437345456	geckodriver	INFO	geckodriver 0.21.0
1537437345475	geckodriver	INFO	Listening on 127.0.0.1:49472
1537437346560	mozrunner::runner	INFO	Running command: "/Applications/Firefox.app/Contents/MacOS/firefox-bin" "-marionette" "-foreground" "-no-remote" "-profile" "/var/folders/2j/prvnrjsd2nq2lx2wrdz21574_6v3fq/T/rust_mozprofile.pEtSneLWRDtF"
2018-09-20 16:55:50.536 plugin-container[86207:720807] *** CFMessagePort: bootstrap_register(): failed 1100 (0x44c) 'Permission denied', port = 0x8f3f, name = 'com.apple.tsm.portname'
See /usr/include/servers/bootstrap_defs.h for the error codes.
2018-09-20 16:55:51.684 plugin-container[86208:720841] *** CFMessagePort: bootstrap_register(): failed 1100 (0x44c) 'Permission denied', port = 0x8d3f, name = 'com.apple.tsm.portname'
See /usr/include/servers/bootstrap_defs.h for the error codes.
1537437352393	Marionette	INFO	Listening on port 49478
2018-09-20 16:55:52.481 plugin-container[86210:720915] *** CFMessagePort: bootstrap_register(): failed 1100 (0x44c) 'Permission denied', port = 0x7543, name = 'com.apple.tsm.portname'
See /usr/include/servers/bootstrap_defs.h for the error codes.
1537437352488	Marionette	WARN	TLS certificate errors will be ignored for this session
1537437352563	Marionette	DEBUG	[4294967297] Frame script loaded
1537437352573	Marionette	DEBUG	[4294967297] Frame script registered
1537437352848	Marionette	INFO	Stopped listening on port 49478
1537437352899	addons.xpi	WARN	Exception running bootstrap method shutdown on activity-stream@mozilla.org: TypeError: setting getter-only property "_currentSearchHostname" (resource://activity-stream/lib/TopSitesFeed.jsm:86:5) JS Stack trace: uninit@TopSitesFeed.jsm:86:5
onAction@TopSitesFeed.jsm:707:9
_middleware/</<@Store.jsm:51:11
Store/this[method]@Store.jsm:29:55
uninit@Store.jsm:170:7
uninit@ActivityStream.jsm:363:5
uninit@resource://gre/modules/addons/XPIProvider.jsm -> jar:file:///Applications/Firefox.app/Contents/Resources/browser/features/activity-stream@bootstrap.js:86:5
shutdown@resource://gre/modules/addons/XPIProvider.jsm -> jar:file:///Applications/Firefox.app/Contents/Resources/browser/features/activity-stream@bootstrap.js:194:3
callBootstrapMethod@XPIProvider.jsm:1588:20
_shutdown@XPIProvider.jsm:1724:12
flushAllWindowsAsync@SessionStore.jsm:1697:7
ssi_onQuitApplicationGranted/<@SessionStore.jsm:1624:27
trigger@AsyncShutdown.jsm:710:23
_wait@AsyncShutdown.jsm:857:7
wait@AsyncShutdown.jsm:841:28
observe@AsyncShutdown.jsm:524:17
GeckoDriver.prototype.quit@driver.js:3319:3
despatch@server.js:297:20
execute@server.js:271:11
onPacket/<@server.js:246:15
onPacket@server.js:245:8
_onJSONObjectReady/<@transport.js:500:9
JavaScript error: resource:///modules/SavantShieldStudy.jsm, line 171: TypeError: this.addonListener is undefined
JavaScript error: resource://gre/modules/Sqlite.jsm, line 841: Error: Connection is not open.
JavaScript error: resource://gre/modules/JSONFile.jsm, line 159: Error: Data is not ready.
JavaScript error: resource://gre/modules/JSONFile.jsm, line 159: Error: Data is not ready.
JavaScript error: resource://gre/modules/JSONFile.jsm, line 159: Error: Data is not ready.
JavaScript error: resource://gre/modules/osfile/osfile_async_front.jsm, line 408: Error: OS.File has been shut down. Rejecting post to DirectoryIterator_prototype_close
JavaScript error: resource://gre/modules/osfile/osfile_async_front.jsm, line 408: Error: OS.File has been shut down. Rejecting post to DirectoryIterator_prototype_close
JavaScript error: resource://gre/modules/ProfileAge.jsm, line 197: Error: Unable to fetch oldest profile entry: Error: OS.File has been shut down. Rejecting request to DirectoryIterator_prototype_next
JavaScript error: resource://gre/modules/ProfileAge.jsm, line 197: Error: Unable to fetch oldest profile entry: Error: OS.File has been shut down. Rejecting post to DirectoryIterator_prototype_next
1537437787390	geckodriver	INFO	geckodriver 0.21.0
1537437787407	geckodriver	INFO	Listening on 127.0.0.1:49643
1537437788413	mozrunner::runner	INFO	Running command: "/Applications/Firefox.app/Contents/MacOS/firefox-bin" "-marionette" "-foreground" "-no-remote" "-profile" "/var/folders/2j/prvnrjsd2nq2lx2wrdz21574_6v3fq/T/rust_mozprofile.dtofOeCrQ4HL"
2018-09-20 17:03:11.587 plugin-container[86808:726539] *** CFMessagePort: bootstrap_register(): failed 1100 (0x44c) 'Permission denied', port = 0x733f, name = 'com.apple.tsm.portname'
See /usr/include/servers/bootstrap_defs.h for the error codes.
2018-09-20 17:03:12.181 plugin-container[86809:726561] *** CFMessagePort: bootstrap_register(): failed 1100 (0x44c) 'Permission denied', port = 0x890b, name = 'com.apple.tsm.portname'
See /usr/include/servers/bootstrap_defs.h for the error codes.
1537437792336	Marionette	INFO	Listening on port 49649
1537437792449	Marionette	WARN	TLS certificate errors will be ignored for this session
1537437792515	Marionette	DEBUG	[2147483649] Frame script loaded
1537437792518	Marionette	DEBUG	[2147483649] Frame script registered
1537437792907	Marionette	INFO	Stopped listening on port 49649
1537437792939	addons.xpi	WARN	Exception running bootstrap method shutdown on activity-stream@mozilla.org: TypeError: setting getter-only property "_currentSearchHostname" (resource://activity-stream/lib/TopSitesFeed.jsm:86:5) JS Stack trace: uninit@TopSitesFeed.jsm:86:5
onAction@TopSitesFeed.jsm:707:9
_middleware/</<@Store.jsm:51:11
Store/this[method]@Store.jsm:29:55
uninit@Store.jsm:170:7
uninit@ActivityStream.jsm:363:5
uninit@resource://gre/modules/addons/XPIProvider.jsm -> jar:file:///Applications/Firefox.app/Contents/Resources/browser/features/activity-stream@bootstrap.js:86:5
shutdown@resource://gre/modules/addons/XPIProvider.jsm -> jar:file:///Applications/Firefox.app/Contents/Resources/browser/features/activity-stream@bootstrap.js:194:3
callBootstrapMethod@XPIProvider.jsm:1588:20
_shutdown@XPIProvider.jsm:1724:12
flushAllWindowsAsync@SessionStore.jsm:1697:7
ssi_onQuitApplicationGranted/<@SessionStore.jsm:1624:27
trigger@AsyncShutdown.jsm:710:23
_wait@AsyncShutdown.jsm:857:7
wait@AsyncShutdown.jsm:841:28
observe@AsyncShutdown.jsm:524:17
GeckoDriver.prototype.quit@driver.js:3319:3
despatch@server.js:297:20
execute@server.js:271:11
onPacket/<@server.js:246:15
onPacket@server.js:245:8
_onJSONObjectReady/<@transport.js:500:9
1537437859939	geckodriver	INFO	geckodriver 0.21.0
1537437859946	geckodriver	INFO	Listening on 127.0.0.1:49709
1537437860963	mozrunner::runner	INFO	Running command: "/Applications/Firefox.app/Contents/MacOS/firefox-bin" "-marionette" "-foreground" "-no-remote" "-profile" "/var/folders/2j/prvnrjsd2nq2lx2wrdz21574_6v3fq/T/rust_mozprofile.hD9TjNzJNMrL"
2018-09-20 17:04:23.778 plugin-container[86901:727672] *** CFMessagePort: bootstrap_register(): failed 1100 (0x44c) 'Permission denied', port = 0x873f, name = 'com.apple.tsm.portname'
See /usr/include/servers/bootstrap_defs.h for the error codes.
2018-09-20 17:04:24.333 plugin-container[86903:727701] *** CFMessagePort: bootstrap_register(): failed 1100 (0x44c) 'Permission denied', port = 0x8743, name = 'com.apple.tsm.portname'
See /usr/include/servers/bootstrap_defs.h for the error codes.
1537437864776	Marionette	INFO	Listening on port 49715
1537437864932	Marionette	WARN	TLS certificate errors will be ignored for this session
2018-09-20 17:04:24.988 plugin-container[86904:727801] *** CFMessagePort: bootstrap_register(): failed 1100 (0x44c) 'Permission denied', port = 0x7303, name = 'com.apple.tsm.portname'
See /usr/include/servers/bootstrap_defs.h for the error codes.
1537437865004	Marionette	DEBUG	[4294967297] Frame script loaded
1537437865009	Marionette	DEBUG	[4294967297] Frame script registered
[GFX1-]: Receive IPC close with reason=AbnormalShutdown
1537438015448	geckodriver	INFO	geckodriver 0.21.0
1537438015456	geckodriver	INFO	Listening on 127.0.0.1:49797
1537438016472	mozrunner::runner	INFO	Running command: "/Applications/Firefox.app/Contents/MacOS/firefox-bin" "-marionette" "-foreground" "-no-remote" "-profile" "/var/folders/2j/prvnrjsd2nq2lx2wrdz21574_6v3fq/T/rust_mozprofile.1TEOlcnKLVI5"
2018-09-20 17:06:59.222 plugin-container[87069:730207] *** CFMessagePort: bootstrap_register(): failed 1100 (0x44c) 'Permission denied', port = 0x7503, name = 'com.apple.tsm.portname'
See /usr/include/servers/bootstrap_defs.h for the error codes.
2018-09-20 17:06:59.598 plugin-container[87070:730231] *** CFMessagePort: bootstrap_register(): failed 1100 (0x44c) 'Permission denied', port = 0x763f, name = 'com.apple.tsm.portname'
See /usr/include/servers/bootstrap_defs.h for the error codes.
2018-09-20 17:07:00.143 plugin-container[87071:730305] *** CFMessagePort: bootstrap_register(): failed 1100 (0x44c) 'Permission denied', port = 0x8a43, name = 'com.apple.tsm.portname'
See /usr/include/servers/bootstrap_defs.h for the error codes.
1537438020146	Marionette	INFO	Listening on port 49803
1537438020237	Marionette	WARN	TLS certificate errors will be ignored for this session
1537438020297	Marionette	DEBUG	[4294967297] Frame script loaded
1537438020299	Marionette	DEBUG	[4294967297] Frame script registered
[GFX1-]: Receive IPC close with reason=AbnormalShutdown
1537438839552	geckodriver	INFO	geckodriver 0.21.0
1537438839569	geckodriver	INFO	Listening on 127.0.0.1:50192
1537438840578	mozrunner::runner	INFO	Running command: "/Applications/Firefox.app/Contents/MacOS/firefox-bin" "-marionette" "-foreground" "-no-remote" "-profile" "/var/folders/2j/prvnrjsd2nq2lx2wrdz21574_6v3fq/T/rust_mozprofile.JZdICppfJg2R"
2018-09-20 17:20:43.899 plugin-container[88096:740856] *** CFMessagePort: bootstrap_register(): failed 1100 (0x44c) 'Permission denied', port = 0x7743, name = 'com.apple.tsm.portname'
See /usr/include/servers/bootstrap_defs.h for the error codes.
2018-09-20 17:20:44.842 plugin-container[88097:740881] *** CFMessagePort: bootstrap_register(): failed 1100 (0x44c) 'Permission denied', port = 0x863f, name = 'com.apple.tsm.portname'
See /usr/include/servers/bootstrap_defs.h for the error codes.
1537438845336	Marionette	INFO	Listening on port 50198
1537438845357	Marionette	WARN	TLS certificate errors will be ignored for this session
1537438845448	Marionette	DEBUG	[4294967297] Frame script loaded
1537438845452	Marionette	DEBUG	[4294967297] Frame script registered
2018-09-20 17:20:45.587 plugin-container[88098:740984] *** CFMessagePort: bootstrap_register(): failed 1100 (0x44c) 'Permission denied', port = 0x8c07, name = 'com.apple.tsm.portname'
See /usr/include/servers/bootstrap_defs.h for the error codes.
1537438847898	Marionette	INFO	Stopped listening on port 50198
1537438853450	geckodriver	INFO	geckodriver 0.21.0
1537438853456	geckodriver	INFO	Listening on 127.0.0.1:50268
1537438854469	mozrunner::runner	INFO	Running command: "/Applications/Firefox.app/Contents/MacOS/firefox-bin" "-marionette" "-foreground" "-no-remote" "-profile" "/var/folders/2j/prvnrjsd2nq2lx2wrdz21574_6v3fq/T/rust_mozprofile.DXVQJpdJaaD5"
2018-09-20 17:20:56.502 plugin-container[88111:741288] *** CFMessagePort: bootstrap_register(): failed 1100 (0x44c) 'Permission denied', port = 0x8207, name = 'com.apple.tsm.portname'
See /usr/include/servers/bootstrap_defs.h for the error codes.
2018-09-20 17:20:57.180 plugin-container[88112:741312] *** CFMessagePort: bootstrap_register(): failed 1100 (0x44c) 'Permission denied', port = 0x6e03, name = 'com.apple.tsm.portname'
See /usr/include/servers/bootstrap_defs.h for the error codes.
1537438857448	Marionette	INFO	Listening on port 50274
1537438857539	Marionette	WARN	TLS certificate errors will be ignored for this session
1537438857611	Marionette	DEBUG	[4294967297] Frame script loaded
1537438857619	Marionette	DEBUG	[4294967297] Frame script registered
2018-09-20 17:20:58.615 plugin-container[88115:741460] *** CFMessagePort: bootstrap_register(): failed 1100 (0x44c) 'Permission denied', port = 0x7303, name = 'com.apple.tsm.portname'
See /usr/include/servers/bootstrap_defs.h for the error codes.
1537438859798	Marionette	INFO	Stopped listening on port 50274
1537439374184	geckodriver	INFO	geckodriver 0.21.0
1537439374219	geckodriver	INFO	Listening on 127.0.0.1:50475
1537439375244	mozrunner::runner	INFO	Running command: "/Applications/Firefox.app/Contents/MacOS/firefox-bin" "-marionette" "-foreground" "-no-remote" "-profile" "/var/folders/2j/prvnrjsd2nq2lx2wrdz21574_6v3fq/T/rust_mozprofile.AIjJbGcfplNa"
2018-09-20 17:29:38.243 plugin-container[88775:748202] *** CFMessagePort: bootstrap_register(): failed 1100 (0x44c) 'Permission denied', port = 0x843f, name = 'com.apple.tsm.portname'
See /usr/include/servers/bootstrap_defs.h for the error codes.
2018-09-20 17:29:38.813 plugin-container[88776:748232] *** CFMessagePort: bootstrap_register(): failed 1100 (0x44c) 'Permission denied', port = 0x7243, name = 'com.apple.tsm.portname'
See /usr/include/servers/bootstrap_defs.h for the error codes.
1537439379276	Marionette	INFO	Listening on port 50481
1537439379331	Marionette	WARN	TLS certificate errors will be ignored for this session
1537439379410	Marionette	DEBUG	[4294967297] Frame script loaded
2018-09-20 17:29:39.421 plugin-container[88777:748310] *** CFMessagePort: bootstrap_register(): failed 1100 (0x44c) 'Permission denied', port = 0x6f3f, name = 'com.apple.tsm.portname'
See /usr/include/servers/bootstrap_defs.h for the error codes.
1537439379426	Marionette	DEBUG	[4294967297] Frame script registered
1537439381756	Marionette	INFO	Stopped listening on port 50481
1537439408448	geckodriver	INFO	geckodriver 0.21.0
1537439408457	geckodriver	INFO	Listening on 127.0.0.1:50542
1537439409472	mozrunner::runner	INFO	Running command: "/Applications/Firefox.app/Contents/MacOS/firefox-bin" "-marionette" "-foreground" "-no-remote" "-profile" "/var/folders/2j/prvnrjsd2nq2lx2wrdz21574_6v3fq/T/rust_mozprofile.W5NB0v2ANWQ4"
2018-09-20 17:30:11.792 plugin-container[88842:749000] *** CFMessagePort: bootstrap_register(): failed 1100 (0x44c) 'Permission denied', port = 0x8c07, name = 'com.apple.tsm.portname'
See /usr/include/servers/bootstrap_defs.h for the error codes.
2018-09-20 17:30:12.212 plugin-container[88843:749021] *** CFMessagePort: bootstrap_register(): failed 1100 (0x44c) 'Permission denied', port = 0x7903, name = 'com.apple.tsm.portname'
See /usr/include/servers/bootstrap_defs.h for the error codes.
1537439412584	Marionette	INFO	Listening on port 50548
1537439412620	Marionette	WARN	TLS certificate errors will be ignored for this session
1537439412684	Marionette	DEBUG	[4294967297] Frame script loaded
1537439412686	Marionette	DEBUG	[4294967297] Frame script registered
2018-09-20 17:30:13.234 plugin-container[88844:749137] *** CFMessagePort: bootstrap_register(): failed 1100 (0x44c) 'Permission denied', port = 0x9043, name = 'com.apple.tsm.portname'
See /usr/include/servers/bootstrap_defs.h for the error codes.
1537439414838	Marionette	INFO	Stopped listening on port 50548
1537439488984	geckodriver	INFO	geckodriver 0.21.0
1537439489004	geckodriver	INFO	Listening on 127.0.0.1:50615
1537439490002	mozrunner::runner	INFO	Running command: "/Applications/Firefox.app/Contents/MacOS/firefox-bin" "-marionette" "-foreground" "-no-remote" "-profile" "/var/folders/2j/prvnrjsd2nq2lx2wrdz21574_6v3fq/T/rust_mozprofile.NcJctUUWMjwp"
2018-09-20 17:31:32.569 plugin-container[88931:750327] *** CFMessagePort: bootstrap_register(): failed 1100 (0x44c) 'Permission denied', port = 0x8603, name = 'com.apple.tsm.portname'
See /usr/include/servers/bootstrap_defs.h for the error codes.
2018-09-20 17:31:32.946 plugin-container[88932:750349] *** CFMessagePort: bootstrap_register(): failed 1100 (0x44c) 'Permission denied', port = 0x7743, name = 'com.apple.tsm.portname'
See /usr/include/servers/bootstrap_defs.h for the error codes.
1537439493087	Marionette	INFO	Listening on port 50621
1537439493190	Marionette	WARN	TLS certificate errors will be ignored for this session
1537439493257	Marionette	DEBUG	[2147483649] Frame script loaded
1537439493260	Marionette	DEBUG	[2147483649] Frame script registered
2018-09-20 17:31:33.907 plugin-container[88933:750477] *** CFMessagePort: bootstrap_register(): failed 1100 (0x44c) 'Permission denied', port = 0x913f, name = 'com.apple.tsm.portname'
See /usr/include/servers/bootstrap_defs.h for the error codes.
[GFX1-]: Receive IPC close with reason=AbnormalShutdown
1537439683278	geckodriver	INFO	geckodriver 0.21.0
1537439683306	geckodriver	INFO	Listening on 127.0.0.1:50717
1537439684298	mozrunner::runner	INFO	Running command: "/Applications/Firefox.app/Contents/MacOS/firefox-bin" "-marionette" "-foreground" "-no-remote" "-profile" "/var/folders/2j/prvnrjsd2nq2lx2wrdz21574_6v3fq/T/rust_mozprofile.246ivtCQBZzs"
2018-09-20 17:34:47.666 plugin-container[89165:753464] *** CFMessagePort: bootstrap_register(): failed 1100 (0x44c) 'Permission denied', port = 0x8d3f, name = 'com.apple.tsm.portname'
See /usr/include/servers/bootstrap_defs.h for the error codes.
2018-09-20 17:34:48.546 plugin-container[89166:753491] *** CFMessagePort: bootstrap_register(): failed 1100 (0x44c) 'Permission denied', port = 0x8d47, name = 'com.apple.tsm.portname'
See /usr/include/servers/bootstrap_defs.h for the error codes.
1537439689212	Marionette	INFO	Listening on port 50725
1537439689267	Marionette	WARN	TLS certificate errors will be ignored for this session
1537439689360	Marionette	DEBUG	[4294967297] Frame script loaded
1537439689364	Marionette	DEBUG	[4294967297] Frame script registered
2018-09-20 17:34:49.728 plugin-container[89168:753607] *** CFMessagePort: bootstrap_register(): failed 1100 (0x44c) 'Permission denied', port = 0x8e07, name = 'com.apple.tsm.portname'
See /usr/include/servers/bootstrap_defs.h for the error codes.
1537439691494	Marionette	INFO	Stopped listening on port 50725
1537439739715	geckodriver	INFO	geckodriver 0.21.0
1537439739724	geckodriver	INFO	Listening on 127.0.0.1:50806
1537439740735	mozrunner::runner	INFO	Running command: "/Applications/Firefox.app/Contents/MacOS/firefox-bin" "-marionette" "-foreground" "-no-remote" "-profile" "/var/folders/2j/prvnrjsd2nq2lx2wrdz21574_6v3fq/T/rust_mozprofile.NRuAlwMPNTht"
2018-09-20 17:35:43.273 plugin-container[89242:754411] *** CFMessagePort: bootstrap_register(): failed 1100 (0x44c) 'Permission denied', port = 0x7337, name = 'com.apple.tsm.portname'
See /usr/include/servers/bootstrap_defs.h for the error codes.
2018-09-20 17:35:44.071 plugin-container[89243:754453] *** CFMessagePort: bootstrap_register(): failed 1100 (0x44c) 'Permission denied', port = 0x8433, name = 'com.apple.tsm.portname'
See /usr/include/servers/bootstrap_defs.h for the error codes.
1537439744528	Marionette	INFO	Listening on port 50812
1537439744638	Marionette	WARN	TLS certificate errors will be ignored for this session
1537439744715	Marionette	DEBUG	[4294967297] Frame script loaded
1537439744745	Marionette	DEBUG	[4294967297] Frame script registered
2018-09-20 17:35:44.761 plugin-container[89244:754567] *** CFMessagePort: bootstrap_register(): failed 1100 (0x44c) 'Permission denied', port = 0x7507, name = 'com.apple.tsm.portname'
See /usr/include/servers/bootstrap_defs.h for the error codes.
[GFX1-]: Receive IPC close with reason=AbnormalShutdown
[GFX1-]: Receive IPC close with reason=AbnormalShutdown
1537439990221	geckodriver	INFO	geckodriver 0.21.0
1537439990241	geckodriver	INFO	Listening on 127.0.0.1:50936
1537439991233	mozrunner::runner	INFO	Running command: "/Applications/Firefox.app/Contents/MacOS/firefox-bin" "-marionette" "-foreground" "-no-remote" "-profile" "/var/folders/2j/prvnrjsd2nq2lx2wrdz21574_6v3fq/T/rust_mozprofile.t7xSl6Ti5Wqi"
2018-09-20 17:39:54.778 plugin-container[89556:758199] *** CFMessagePort: bootstrap_register(): failed 1100 (0x44c) 'Permission denied', port = 0x7243, name = 'com.apple.tsm.portname'
See /usr/include/servers/bootstrap_defs.h for the error codes.
2018-09-20 17:39:55.289 plugin-container[89557:758219] *** CFMessagePort: bootstrap_register(): failed 1100 (0x44c) 'Permission denied', port = 0x7c3b, name = 'com.apple.tsm.portname'
See /usr/include/servers/bootstrap_defs.h for the error codes.
1537439995522	Marionette	INFO	Listening on port 50942
1537439995597	Marionette	WARN	TLS certificate errors will be ignored for this session
1537439995655	Marionette	DEBUG	[2147483649] Frame script loaded
1537439995656	Marionette	DEBUG	[2147483649] Frame script registered
2018-09-20 17:39:56.665 plugin-container[89558:758350] *** CFMessagePort: bootstrap_register(): failed 1100 (0x44c) 'Permission denied', port = 0x8843, name = 'com.apple.tsm.portname'
See /usr/include/servers/bootstrap_defs.h for the error codes.
1537439997549	Marionette	INFO	Stopped listening on port 50942
1537440057495	geckodriver	INFO	geckodriver 0.21.0
1537440057505	geckodriver	INFO	Listening on 127.0.0.1:51013
1537440058517	mozrunner::runner	INFO	Running command: "/Applications/Firefox.app/Contents/MacOS/firefox-bin" "-marionette" "-foreground" "-no-remote" "-profile" "/var/folders/2j/prvnrjsd2nq2lx2wrdz21574_6v3fq/T/rust_mozprofile.QVOBavMU7ppm"
2018-09-20 17:41:00.979 plugin-container[89647:759314] *** CFMessagePort: bootstrap_register(): failed 1100 (0x44c) 'Permission denied', port = 0x7307, name = 'com.apple.tsm.portname'
See /usr/include/servers/bootstrap_defs.h for the error codes.
2018-09-20 17:41:01.572 plugin-container[89648:759343] *** CFMessagePort: bootstrap_register(): failed 1100 (0x44c) 'Permission denied', port = 0x763f, name = 'com.apple.tsm.portname'
See /usr/include/servers/bootstrap_defs.h for the error codes.
1537440061850	Marionette	INFO	Listening on port 51019
1537440061929	Marionette	WARN	TLS certificate errors will be ignored for this session
1537440061988	Marionette	DEBUG	[4294967297] Frame script loaded
1537440061989	Marionette	DEBUG	[4294967297] Frame script registered
2018-09-20 17:41:02.892 plugin-container[89649:759459] *** CFMessagePort: bootstrap_register(): failed 1100 (0x44c) 'Permission denied', port = 0x733f, name = 'com.apple.tsm.portname'
See /usr/include/servers/bootstrap_defs.h for the error codes.
[GFX1-]: Receive IPC close with reason=AbnormalShutdown
1537440246636	geckodriver	INFO	geckodriver 0.21.0
1537440246644	geckodriver	INFO	Listening on 127.0.0.1:51152
1537440247664	mozrunner::runner	INFO	Running command: "/Applications/Firefox.app/Contents/MacOS/firefox-bin" "-marionette" "-foreground" "-no-remote" "-profile" "/var/folders/2j/prvnrjsd2nq2lx2wrdz21574_6v3fq/T/rust_mozprofile.uXuHZx8W75Vd"
2018-09-20 17:44:10.169 plugin-container[89873:762454] *** CFMessagePort: bootstrap_register(): failed 1100 (0x44c) 'Permission denied', port = 0x8307, name = 'com.apple.tsm.portname'
See /usr/include/servers/bootstrap_defs.h for the error codes.
2018-09-20 17:44:10.785 plugin-container[89874:762482] *** CFMessagePort: bootstrap_register(): failed 1100 (0x44c) 'Permission denied', port = 0x9007, name = 'com.apple.tsm.portname'
See /usr/include/servers/bootstrap_defs.h for the error codes.
1537440251188	Marionette	INFO	Listening on port 51158
1537440251256	Marionette	WARN	TLS certificate errors will be ignored for this session
1537440251339	Marionette	DEBUG	[4294967297] Frame script loaded
1537440251344	Marionette	DEBUG	[4294967297] Frame script registered
2018-09-20 17:44:11.556 plugin-container[89875:762585] *** CFMessagePort: bootstrap_register(): failed 1100 (0x44c) 'Permission denied', port = 0x6a43, name = 'com.apple.tsm.portname'
See /usr/include/servers/bootstrap_defs.h for the error codes.
[GFX1-]: Receive IPC close with reason=AbnormalShutdown
[GFX1-]: Receive IPC close with reason=AbnormalShutdown
[GFX1-]: Receive IPC close with reason=AbnormalShutdown
1537440350405	geckodriver	INFO	geckodriver 0.21.0
1537440350413	geckodriver	INFO	Listening on 127.0.0.1:51245
1537440351432	mozrunner::runner	INFO	Running command: "/Applications/Firefox.app/Contents/MacOS/firefox-bin" "-marionette" "-foreground" "-no-remote" "-profile" "/var/folders/2j/prvnrjsd2nq2lx2wrdz21574_6v3fq/T/rust_mozprofile.OCE3Zjxq9M7l"
2018-09-20 17:45:53.829 plugin-container[90022:764591] *** CFMessagePort: bootstrap_register(): failed 1100 (0x44c) 'Permission denied', port = 0x8b03, name = 'com.apple.tsm.portname'
See /usr/include/servers/bootstrap_defs.h for the error codes.
2018-09-20 17:45:54.408 plugin-container[90023:764619] *** CFMessagePort: bootstrap_register(): failed 1100 (0x44c) 'Permission denied', port = 0x8c43, name = 'com.apple.tsm.portname'
See /usr/include/servers/bootstrap_defs.h for the error codes.
1537440354888	Marionette	INFO	Listening on port 51251
1537440354910	Marionette	WARN	TLS certificate errors will be ignored for this session
1537440355006	Marionette	DEBUG	[4294967297] Frame script loaded
1537440355043	Marionette	DEBUG	[4294967297] Frame script registered
2018-09-20 17:45:55.286 plugin-container[90025:764733] *** CFMessagePort: bootstrap_register(): failed 1100 (0x44c) 'Permission denied', port = 0x8d0b, name = 'com.apple.tsm.portname'
See /usr/include/servers/bootstrap_defs.h for the error codes.
[GFX1-]: Receive IPC close with reason=AbnormalShutdown
[GFX1-]: Receive IPC close with reason=AbnormalShutdown
1537498340821	geckodriver	INFO	geckodriver 0.21.0
1537498340840	geckodriver	INFO	Listening on 127.0.0.1:51083
1537498341852	mozrunner::runner	INFO	Running command: "/Applications/Firefox.app/Contents/MacOS/firefox-bin" "-marionette" "-foreground" "-no-remote" "-profile" "/var/folders/2j/prvnrjsd2nq2lx2wrdz21574_6v3fq/T/rust_mozprofile.q1xENJ4SLO6W"
2018-09-21 09:52:25.006 plugin-container[8542:73438] *** CFMessagePort: bootstrap_register(): failed 1100 (0x44c) 'Permission denied', port = 0x6d3f, name = 'com.apple.tsm.portname'
See /usr/include/servers/bootstrap_defs.h for the error codes.
2018-09-21 09:52:26.191 plugin-container[8543:73469] *** CFMessagePort: bootstrap_register(): failed 1100 (0x44c) 'Permission denied', port = 0x8e3f, name = 'com.apple.tsm.portname'
See /usr/include/servers/bootstrap_defs.h for the error codes.
1537498346762	Marionette	INFO	Listening on port 51089
1537498346847	Marionette	WARN	TLS certificate errors will be ignored for this session
1537498346914	Marionette	DEBUG	[4294967297] Frame script loaded
1537498346957	Marionette	DEBUG	[4294967297] Frame script registered
2018-09-21 09:52:26.996 plugin-container[8544:73564] *** CFMessagePort: bootstrap_register(): failed 1100 (0x44c) 'Permission denied', port = 0x8b3f, name = 'com.apple.tsm.portname'
See /usr/include/servers/bootstrap_defs.h for the error codes.
[GFX1-]: Receive IPC close with reason=AbnormalShutdown
[GFX1-]: Receive IPC close with reason=AbnormalShutdown
1537499582056	geckodriver	INFO	geckodriver 0.21.0
1537499582072	geckodriver	INFO	Listening on 127.0.0.1:51467
1537499583079	mozrunner::runner	INFO	Running command: "/Applications/Firefox.app/Contents/MacOS/firefox-bin" "-marionette" "-foreground" "-no-remote" "-profile" "/var/folders/2j/prvnrjsd2nq2lx2wrdz21574_6v3fq/T/rust_mozprofile.EoHdlI6tfbWL"
2018-09-21 10:13:05.744 plugin-container[10007:89461] *** CFMessagePort: bootstrap_register(): failed 1100 (0x44c) 'Permission denied', port = 0x8e03, name = 'com.apple.tsm.portname'
See /usr/include/servers/bootstrap_defs.h for the error codes.
2018-09-21 10:13:06.422 plugin-container[10008:89482] *** CFMessagePort: bootstrap_register(): failed 1100 (0x44c) 'Permission denied', port = 0x833f, name = 'com.apple.tsm.portname'
See /usr/include/servers/bootstrap_defs.h for the error codes.
1537499587063	Marionette	INFO	Listening on port 51473
1537499587118	Marionette	WARN	TLS certificate errors will be ignored for this session
1537499587187	Marionette	DEBUG	[4294967297] Frame script loaded
1537499587212	Marionette	DEBUG	[4294967297] Frame script registered
2018-09-21 10:13:07.239 plugin-container[10009:89605] *** CFMessagePort: bootstrap_register(): failed 1100 (0x44c) 'Permission denied', port = 0x8d07, name = 'com.apple.tsm.portname'
See /usr/include/servers/bootstrap_defs.h for the error codes.
1537499589099	Marionette	INFO	Stopped listening on port 51473
1537499589141	addons.xpi	WARN	Exception running bootstrap method shutdown on activity-stream@mozilla.org: TypeError: setting getter-only property "_currentSearchHostname" (resource://activity-stream/lib/TopSitesFeed.jsm:86:5) JS Stack trace: uninit@TopSitesFeed.jsm:86:5
onAction@TopSitesFeed.jsm:707:9
_middleware/</<@Store.jsm:51:11
Store/this[method]@Store.jsm:29:55
uninit@Store.jsm:170:7
uninit@ActivityStream.jsm:363:5
uninit@resource://gre/modules/addons/XPIProvider.jsm -> jar:file:///Applications/Firefox.app/Contents/Resources/browser/features/activity-stream@bootstrap.js:86:5
shutdown@resource://gre/modules/addons/XPIProvider.jsm -> jar:file:///Applications/Firefox.app/Contents/Resources/browser/features/activity-stream@bootstrap.js:194:3
callBootstrapMethod@XPIProvider.jsm:1588:20
_shutdown@XPIProvider.jsm:1724:12
flushAllWindowsAsync@SessionStore.jsm:1697:7
ssi_onQuitApplicationGranted/<@SessionStore.jsm:1624:27
trigger@AsyncShutdown.jsm:710:23
_wait@AsyncShutdown.jsm:857:7
wait@AsyncShutdown.jsm:841:28
observe@AsyncShutdown.jsm:524:17
GeckoDriver.prototype.quit@driver.js:3319:3
despatch@server.js:297:20
execute@server.js:271:11
onPacket/<@server.js:246:15
onPacket@server.js:245:8
_onJSONObjectReady/<@transport.js:500:9
1537499605295	geckodriver	INFO	geckodriver 0.21.0
1537499605303	geckodriver	INFO	Listening on 127.0.0.1:51536
1537499606316	mozrunner::runner	INFO	Running command: "/Applications/Firefox.app/Contents/MacOS/firefox-bin" "-marionette" "-foreground" "-no-remote" "-profile" "/var/folders/2j/prvnrjsd2nq2lx2wrdz21574_6v3fq/T/rust_mozprofile.gsprgP6EJ1MX"
2018-09-21 10:13:28.771 plugin-container[10029:89993] *** CFMessagePort: bootstrap_register(): failed 1100 (0x44c) 'Permission denied', port = 0x753f, name = 'com.apple.tsm.portname'
See /usr/include/servers/bootstrap_defs.h for the error codes.
2018-09-21 10:13:29.191 plugin-container[10030:90016] *** CFMessagePort: bootstrap_register(): failed 1100 (0x44c) 'Permission denied', port = 0x8743, name = 'com.apple.tsm.portname'
See /usr/include/servers/bootstrap_defs.h for the error codes.
1537499609555	Marionette	INFO	Listening on port 51543
1537499609582	Marionette	WARN	TLS certificate errors will be ignored for this session
1537499609686	Marionette	DEBUG	[4294967297] Frame script loaded
1537499609688	Marionette	DEBUG	[4294967297] Frame script registered
2018-09-21 10:13:30.062 plugin-container[10031:90124] *** CFMessagePort: bootstrap_register(): failed 1100 (0x44c) 'Permission denied', port = 0x7503, name = 'com.apple.tsm.portname'
See /usr/include/servers/bootstrap_defs.h for the error codes.
[GFX1-]: Receive IPC close with reason=AbnormalShutdown
[GFX1-]: Receive IPC close with reason=AbnormalShutdown
1537508204823	geckodriver	INFO	geckodriver 0.21.0
1537508204839	geckodriver	INFO	Listening on 127.0.0.1:59588
1537508205837	mozrunner::runner	INFO	Running command: "/Applications/Firefox.app/Contents/MacOS/firefox-bin" "-marionette" "-foreground" "-no-remote" "-profile" "/var/folders/2j/prvnrjsd2nq2lx2wrdz21574_6v3fq/T/rust_mozprofile.W6ZOouoMSC5w"
2018-09-21 12:36:48.893 plugin-container[19654:186375] *** CFMessagePort: bootstrap_register(): failed 1100 (0x44c) 'Permission denied', port = 0x8b43, name = 'com.apple.tsm.portname'
See /usr/include/servers/bootstrap_defs.h for the error codes.
2018-09-21 12:36:49.765 plugin-container[19655:186401] *** CFMessagePort: bootstrap_register(): failed 1100 (0x44c) 'Permission denied', port = 0x883f, name = 'com.apple.tsm.portname'
See /usr/include/servers/bootstrap_defs.h for the error codes.
1537508210068	Marionette	INFO	Listening on port 59595
1537508210119	Marionette	WARN	TLS certificate errors will be ignored for this session
1537508210263	Marionette	DEBUG	[4294967297] Frame script loaded
1537508210272	Marionette	DEBUG	[4294967297] Frame script registered
2018-09-21 12:36:51.326 plugin-container[19657:186531] *** CFMessagePort: bootstrap_register(): failed 1100 (0x44c) 'Permission denied', port = 0x8f03, name = 'com.apple.tsm.portname'
See /usr/include/servers/bootstrap_defs.h for the error codes.
1537508212399	Marionette	INFO	Stopped listening on port 59595
1537508212435	addons.xpi	WARN	Exception running bootstrap method shutdown on activity-stream@mozilla.org: TypeError: setting getter-only property "_currentSearchHostname" (resource://activity-stream/lib/TopSitesFeed.jsm:86:5) JS Stack trace: uninit@TopSitesFeed.jsm:86:5
onAction@TopSitesFeed.jsm:707:9
_middleware/</<@Store.jsm:51:11
Store/this[method]@Store.jsm:29:55
uninit@Store.jsm:170:7
uninit@ActivityStream.jsm:363:5
uninit@resource://gre/modules/addons/XPIProvider.jsm -> jar:file:///Applications/Firefox.app/Contents/Resources/browser/features/activity-stream@bootstrap.js:86:5
shutdown@resource://gre/modules/addons/XPIProvider.jsm -> jar:file:///Applications/Firefox.app/Contents/Resources/browser/features/activity-stream@bootstrap.js:194:3
callBootstrapMethod@XPIProvider.jsm:1588:20
_shutdown@XPIProvider.jsm:1724:12
observe@AsyncShutdown.jsm:541:9
GeckoDriver.prototype.quit@driver.js:3319:3
despatch@server.js:297:20
execute@server.js:271:11
onPacket/<@server.js:246:15
onPacket@server.js:245:8
_onJSONObjectReady/<@transport.js:500:9
